<?xml version="1.0" encoding="UTF-8"?>
<testsuite xmlns:xsi="http://www.w3.org/2001/XMLSchema-instance" xsi:noNamespaceSchemaLocation="https://maven.apache.org/surefire/maven-surefire-plugin/xsd/surefire-test-report.xsd" name="com.sangeng.MapperTest" time="4.588" tests="3" errors="0" skipped="0" failures="0">
  <properties>
[...]
</properties>
  <testcase name="testSelectPermsByUserId" classname="com.sangeng.MapperTest" time="0.402"/>
  <testcase name="TestBCryptPasswordEncoder" classname="com.sangeng.MapperTest" time="0.064"/>
  <testcase name="testUserMapper" classname="com.sangeng.MapperTest" time="0.021"/>
</testsuite>